生成启动时间为 2017/12/16 13:47:09。
     1>项目“C:\Users\Administrator\documents\visual studio 2015\Projects\106012046-HW7\106012046-HW7\106012046-HW7.vcxproj”在节点 2 上(Build 个目标)。
     1>ClCompile:
         C:\Program Files (x86)\Microsoft Visual Studio 14.0\VC\bin\CL.exe /c /ZI /nologo /W3 /WX- /sdl /Od /Oy- /D _MBCS /Gm /EHsc /RTC1 /MDd /GS /fp:precise /Zc:wchar_t /Zc:forScope /Zc:inline /Fo"Debug\\" /Fd"Debug\vc140.pdb" /Gd /TP /analyze- /errorReport:prompt GameSystem.cpp main.cpp
         GameSystem.cpp
     1>c:\users\administrator\documents\visual studio 2015\projects\106012046-hw7\106012046-hw7\gamesystem.cpp(318): warning C4018: “<”: 有符号/无符号不匹配
     1>c:\users\administrator\documents\visual studio 2015\projects\106012046-hw7\106012046-hw7\gamesystem.cpp(343): warning C4018: “>=”: 有符号/无符号不匹配
     1>c:\users\administrator\documents\visual studio 2015\projects\106012046-hw7\106012046-hw7\gamesystem.cpp(375): warning C4018: “<”: 有符号/无符号不匹配
     1>c:\users\administrator\documents\visual studio 2015\projects\106012046-hw7\106012046-hw7\gamesystem.cpp(393): warning C4018: “<”: 有符号/无符号不匹配
     1>c:\users\administrator\documents\visual studio 2015\projects\106012046-hw7\106012046-hw7\gamesystem.cpp(418): warning C4018: “>=”: 有符号/无符号不匹配
     1>c:\users\administrator\documents\visual studio 2015\projects\106012046-hw7\106012046-hw7\gamesystem.cpp(609): warning C4018: “>”: 有符号/无符号不匹配
     1>c:\users\administrator\documents\visual studio 2015\projects\106012046-hw7\106012046-hw7\gamesystem.cpp(654): warning C4018: “<”: 有符号/无符号不匹配
     1>c:\users\administrator\documents\visual studio 2015\projects\106012046-hw7\106012046-hw7\gamesystem.cpp(661): warning C4018: “<”: 有符号/无符号不匹配
     1>c:\users\administrator\documents\visual studio 2015\projects\106012046-hw7\106012046-hw7\gamesystem.cpp(672): warning C4018: “<”: 有符号/无符号不匹配
     1>c:\users\administrator\documents\visual studio 2015\projects\106012046-hw7\106012046-hw7\gamesystem.cpp(683): warning C4018: “<”: 有符号/无符号不匹配
         正在生成代码...
         正在跳过...(未检测到相关更改)
         main.cpp
       Link:
         C:\Program Files (x86)\Microsoft Visual Studio 14.0\VC\bin\link.exe /ERRORREPORT:PROMPT /OUT:"C:\Users\Administrator\documents\visual studio 2015\Projects\106012046-HW7\Debug\106012046-HW7.exe" /INCREMENTAL /NOLOGO kernel32.lib user32.lib gdi32.lib winspool.lib comdlg32.lib advapi32.lib shell32.lib ole32.lib oleaut32.lib uuid.lib odbc32.lib odbccp32.lib /MANIFEST /MANIFESTUAC:"level='asInvoker' uiAccess='false'" /manifest:embed /Debug /PDB:"C:\Users\Administrator\documents\visual studio 2015\Projects\106012046-HW7\Debug\106012046-HW7.pdb" /TLBID:1 /DYNAMICBASE /NXCOMPAT /IMPLIB:"C:\Users\Administrator\documents\visual studio 2015\Projects\106012046-HW7\Debug\106012046-HW7.lib" /MACHINE:X86 Debug\Character.obj
         Debug\DefenseJob.obj
         Debug\GameSystem.obj
         Debug\Job.obj
         Debug\main.obj
         Debug\MeleeJob.obj
         Debug\RemoteJob.obj
         106012046-HW7.vcxproj -> C:\Users\Administrator\documents\visual studio 2015\Projects\106012046-HW7\Debug\106012046-HW7.exe
     1>已完成生成项目“C:\Users\Administrator\documents\visual studio 2015\Projects\106012046-HW7\106012046-HW7\106012046-HW7.vcxproj”(Build 个目标)的操作。

已成功生成。

已用时间 00:00:02.60
